{"name": "Отображение созданного заказа в разделе \"В работе\" ", "status": "broken", "statusDetails": {"message": "selenium.common.exceptions.TimeoutException: Message: \nStacktrace:\nRemoteError@chrome://remote/content/shared/RemoteError.sys.mjs:8:8\nWebDriverError@chrome://remote/content/shared/webdriver/Errors.sys.mjs:193:5\nNoSuchElementError@chrome://remote/content/shared/webdriver/Errors.sys.mjs:511:5\ndom.find/</<@chrome://remote/content/shared/DOM.sys.mjs:136:16", "trace": "self = <tests.test_order.TestFeedPage object at 0x000002034A9CB3E0>, driver = <selenium.webdriver.firefox.webdriver.WebDriver (session=\"c214a22d-36ba-490c-a678-5be3bdb26087\")>\ncreate_and_delite_user = {'accessToken': 'Bearer eyJhbGciOiJIUzI1NiIsInR5cCI6IkpXVCJ9.eyJpZCI6IjY2ZmFmYjkwOWVkMjgwMDAxYjRjYWNlMyIsImlhdCI6MTcyN...7I7ySf9X-GBUin4NcYI44i82ZUQvUBUlhucp5oNY', 'email': 'dcastillo@yahoo.com', 'name': 'Evelyn', 'password': 'mspwqlwpdg'}}\ncreate_order = {'order_number': 126282, 'user_email': 'dcastillo@yahoo.com', 'user_password': 'mspwqlwpdg'}\n\n    @allure.title('Отображение созданного заказа в разделе \"В работе\" ')\n    def test_number_new_order_is_displaying_in_progress(self, driver, create_and_delite_user, create_order):\n        main_page = MainPage(driver)\n        order_page = OrderPage(driver)\n        main_page.wait_visibility_title_page()\n        main_page.add_ingredient()\n        main_page.click_create_order_button()\n        main_page.check_modal_confirmation_order_is_displaying()\n        number_order = main_page.get_number_of_order_modal()\n        main_page.click_on_close_button_order_modal()\n        main_page.check_modal_of_order_not_displaying()\n        main_page.click_on_order_list_button()\n>       assert order_page.number_order_in_progress_section() == '0'+number_order\n\ntests\\test_order.py:82: \n_ _ _ _ _ _ _ _ _ _ _ _ _ _ _ _ _ _ _ _ _ _ _ _ _ _ _ _ _ _ _ _ _ _ _ _ _ _ _ _ _ _ _ _ _ _ _ _ _ _ _ _ _ _ _ _ _ _ _ _ _ _ _ _ _ _ _ _ _ _ _ _ _ _ _ _ _ _ _ _ _ _ _ _ _ _ _ _ _ _ _ _\npages\\order_page.py:41: in number_order_in_progress_section\n    number_order = self.get_text_element(OrderPageLocators.NUMBER_ORDER_IN_PROGRESS_SECTION)\npages\\base_page.py:49: in get_text_element\n    WebDriverWait(self.driver, 20).until(EC.visibility_of_element_located(locator))\n_ _ _ _ _ _ _ _ _ _ _ _ _ _ _ _ _ _ _ _ _ _ _ _ _ _ _ _ _ _ _ _ _ _ _ _ _ _ _ _ _ _ _ _ _ _ _ _ _ _ _ _ _ _ _ _ _ _ _ _ _ _ _ _ _ _ _ _ _ _ _ _ _ _ _ _ _ _ _ _ _ _ _ _ _ _ _ _ _ _ _ _\n\nself = <selenium.webdriver.support.wait.WebDriverWait (session=\"c214a22d-36ba-490c-a678-5be3bdb26087\")>\nmethod = <function visibility_of_element_located.<locals>._predicate at 0x000002034AA93EC0>, message = ''\n\n    def until(self, method: Callable[[D], Union[Literal[False], T]], message: str = \"\") -> T:\n        \"\"\"Calls the method provided with the driver as an argument until the \\\n        return value does not evaluate to ``False``.\n    \n        :param method: callable(WebDriver)\n        :param message: optional message for :exc:`TimeoutException`\n        :returns: the result of the last call to `method`\n        :raises: :exc:`selenium.common.exceptions.TimeoutException` if timeout occurs\n        \"\"\"\n        screen = None\n        stacktrace = None\n    \n        end_time = time.monotonic() + self._timeout\n        while True:\n            try:\n                value = method(self._driver)\n                if value:\n                    return value\n            except self._ignored_exceptions as exc:\n                screen = getattr(exc, \"screen\", None)\n                stacktrace = getattr(exc, \"stacktrace\", None)\n            time.sleep(self._poll)\n            if time.monotonic() > end_time:\n                break\n>       raise TimeoutException(message, screen, stacktrace)\nE       selenium.common.exceptions.TimeoutException: Message: \nE       Stacktrace:\nE       RemoteError@chrome://remote/content/shared/RemoteError.sys.mjs:8:8\nE       WebDriverError@chrome://remote/content/shared/webdriver/Errors.sys.mjs:193:5\nE       NoSuchElementError@chrome://remote/content/shared/webdriver/Errors.sys.mjs:511:5\nE       dom.find/</<@chrome://remote/content/shared/DOM.sys.mjs:136:16\n\nvenv\\Lib\\site-packages\\selenium\\webdriver\\support\\wait.py:105: TimeoutException"}, "steps": [{"name": "Загрузка заголовка главной страницы", "status": "passed", "steps": [{"name": "Ожидание прогрузки элемента", "status": "passed", "parameters": [{"name": "locator", "value": "('xpath', '//h1')"}], "start": 1727724435414, "stop": 1727724435414}], "start": 1727724435414, "stop": 1727724435414}, {"name": "Добавление ингредиента", "status": "passed", "steps": [{"name": "Доступность элемента для клика", "status": "passed", "parameters": [{"name": "locator", "value": "('xpath', './/*[@alt=\"Краторная булка N-200i\"]')"}], "start": 1727724435414, "stop": 1727724435436}, {"name": "Доступность элемента для клика", "status": "passed", "parameters": [{"name": "locator", "value": "('xpath', '//ul[@class=\"BurgerConstructor_basket__list__l9dp_\"]')"}], "start": 1727724435436, "stop": 1727724435442}], "start": 1727724435414, "stop": 1727724435968}, {"name": "Клик кнопки создания заказа", "status": "passed", "steps": [{"name": "Доступность элемента для клика", "status": "passed", "parameters": [{"name": "locator", "value": "('xpath', '//button[text()=\"Оформить заказ\"]')"}], "start": 1727724435968, "stop": 1727724435968}, {"name": "Клик элемента", "status": "passed", "steps": [{"name": "Доступность элемента для клика", "status": "passed", "parameters": [{"name": "locator", "value": "('xpath', '//button[text()=\"Оформить заказ\"]')"}], "start": 1727724435968, "stop": 1727724435984}], "parameters": [{"name": "locator", "value": "('xpath', '//button[text()=\"Оформить заказ\"]')"}], "start": 1727724435968, "stop": 1727724436275}], "start": 1727724435968, "stop": 1727724436275}, {"name": "Отображение модального окна, подтверждаюзего заказ", "status": "passed", "steps": [{"name": "Ожидание прогрузки элемента", "status": "passed", "parameters": [{"name": "locator", "value": "('xpath', '//div[contains(@class, \"Modal_modal__container\")]')"}], "start": 1727724436275, "stop": 1727724436788}, {"name": "Отображения элемента", "status": "passed", "parameters": [{"name": "locator", "value": "('xpath', '//div[contains(@class, \"Modal_modal__container\")]')"}], "start": 1727724436788, "stop": 1727724436788}], "start": 1727724436275, "stop": 1727724436788}, {"name": "Номер заказа, в подтверждающем модальном окне", "status": "passed", "steps": [{"name": "Ожидание смены текста элемента", "status": "broken", "statusDetails": {"message": "selenium.common.exceptions.TimeoutException: Message: \n\n", "trace": "  File \"C:\\Users\\disim\\PycharmProjects\\Diplom_3\\venv\\Lib\\site-packages\\allure_commons\\_allure.py\", line 192, in impl\n    return func(*a, **kw)\n           ^^^^^^^^^^^^^^\n  File \"C:\\Users\\disim\\PycharmProjects\\Diplom_3\\pages\\base_page.py\", line 23, in wait_change_text_element\n    WebDriverWait(self.driver, 20).until_not(EC.text_to_be_present_in_element(locator, value))\n  File \"C:\\Users\\disim\\PycharmProjects\\Diplom_3\\venv\\Lib\\site-packages\\selenium\\webdriver\\support\\wait.py\", line 128, in until_not\n    raise TimeoutException(message)\n"}, "parameters": [{"name": "locator", "value": "('xpath', '//h2[contains(@class, \"Modal_modal__title_shadow__3ikwq\")]')"}, {"name": "value", "value": "'9999'"}], "start": 1727724436788, "stop": 1727724457110}], "start": 1727724436788, "stop": 1727724457110}, {"name": "Клик кнопки закрытия модального окна подтверждения заказа", "status": "passed", "steps": [{"name": "Ожидание доступности клика элемента", "status": "passed", "parameters": [{"name": "locator", "value": "('xpath', '//section[contains(@class, \"Modal_modal_opened\")]//button[contains(@class, \"close\")]')"}], "start": 1727724457110, "stop": 1727724457121}], "start": 1727724457110, "stop": 1727724457348}, {"name": "Не отображение окна подтверждения заказа", "status": "passed", "steps": [{"name": "Ожидание закрытия элемента", "status": "passed", "parameters": [{"name": "locator", "value": "('xpath', '//div[contains(@class, \"Modal_modal__container\")]')"}], "start": 1727724457350, "stop": 1727724457354}, {"name": "Отображения элемента", "status": "passed", "parameters": [{"name": "locator", "value": "('xpath', '//div[contains(@class, \"Modal_modal__container\")]')"}], "start": 1727724457354, "stop": 1727724457357}], "start": 1727724457350, "stop": 1727724457357}, {"name": "Клик кнопки \"Лента заказов\"", "status": "passed", "steps": [{"name": "Ожидание прогрузки элемента", "status": "passed", "parameters": [{"name": "locator", "value": "('xpath', '//p[contains(text(),\"Лента Заказов\")]')"}], "start": 1727724457357, "stop": 1727724457363}, {"name": "Клик элемента", "status": "passed", "steps": [{"name": "Доступность элемента для клика", "status": "passed", "parameters": [{"name": "locator", "value": "('xpath', '//p[contains(text(),\"Лента Заказов\")]')"}], "start": 1727724457363, "stop": 1727724457373}], "parameters": [{"name": "locator", "value": "('xpath', '//p[contains(text(),\"Лента Заказов\")]')"}], "start": 1727724457363, "stop": 1727724457639}], "start": 1727724457357, "stop": 1727724457639}, {"name": "Последний заказ, взятый в работу", "status": "broken", "statusDetails": {"message": "selenium.common.exceptions.TimeoutException: Message: \nStacktrace:\nRemoteError@chrome://remote/content/shared/RemoteError.sys.mjs:8:8\nWebDriverError@chrome://remote/content/shared/webdriver/Errors.sys.mjs:193:5\nNoSuchElementError@chrome://remote/content/shared/webdriver/Errors.sys.mjs:511:5\ndom.find/</<@chrome://remote/content/shared/DOM.sys.mjs:136:16\n\n", "trace": "  File \"C:\\Users\\disim\\PycharmProjects\\Diplom_3\\venv\\Lib\\site-packages\\allure_commons\\_allure.py\", line 192, in impl\n    return func(*a, **kw)\n           ^^^^^^^^^^^^^^\n  File \"C:\\Users\\disim\\PycharmProjects\\Diplom_3\\pages\\order_page.py\", line 41, in number_order_in_progress_section\n    number_order = self.get_text_element(OrderPageLocators.NUMBER_ORDER_IN_PROGRESS_SECTION)\n                   ^^^^^^^^^^^^^^^^^^^^^^^^^^^^^^^^^^^^^^^^^^^^^^^^^^^^^^^^^^^^^^^^^^^^^^^^^\n  File \"C:\\Users\\disim\\PycharmProjects\\Diplom_3\\venv\\Lib\\site-packages\\allure_commons\\_allure.py\", line 192, in impl\n    return func(*a, **kw)\n           ^^^^^^^^^^^^^^\n  File \"C:\\Users\\disim\\PycharmProjects\\Diplom_3\\pages\\base_page.py\", line 49, in get_text_element\n    WebDriverWait(self.driver, 20).until(EC.visibility_of_element_located(locator))\n  File \"C:\\Users\\disim\\PycharmProjects\\Diplom_3\\venv\\Lib\\site-packages\\selenium\\webdriver\\support\\wait.py\", line 105, in until\n    raise TimeoutException(message, screen, stacktrace)\n"}, "steps": [{"name": "Получение текста элемента", "status": "broken", "statusDetails": {"message": "selenium.common.exceptions.TimeoutException: Message: \nStacktrace:\nRemoteError@chrome://remote/content/shared/RemoteError.sys.mjs:8:8\nWebDriverError@chrome://remote/content/shared/webdriver/Errors.sys.mjs:193:5\nNoSuchElementError@chrome://remote/content/shared/webdriver/Errors.sys.mjs:511:5\ndom.find/</<@chrome://remote/content/shared/DOM.sys.mjs:136:16\n\n", "trace": "  File \"C:\\Users\\disim\\PycharmProjects\\Diplom_3\\venv\\Lib\\site-packages\\allure_commons\\_allure.py\", line 192, in impl\n    return func(*a, **kw)\n           ^^^^^^^^^^^^^^\n  File \"C:\\Users\\disim\\PycharmProjects\\Diplom_3\\pages\\base_page.py\", line 49, in get_text_element\n    WebDriverWait(self.driver, 20).until(EC.visibility_of_element_located(locator))\n  File \"C:\\Users\\disim\\PycharmProjects\\Diplom_3\\venv\\Lib\\site-packages\\selenium\\webdriver\\support\\wait.py\", line 105, in until\n    raise TimeoutException(message, screen, stacktrace)\n"}, "parameters": [{"name": "locator", "value": "('xpath', '//ul[contains(@class, \"OrderFeed_orderListReady\")]/li[contains(@class, \"text_type_digits-default\")]')"}], "start": 1727724457639, "stop": 1727724478666}], "start": 1727724457639, "stop": 1727724478667}], "attachments": [{"name": "stdout", "source": "4fdc7386-b276-45ee-b6de-207a1d9459fe-attachment.txt", "type": "text/plain"}], "parameters": [{"name": "driver", "value": "'firefox'"}], "start": 1727724435414, "stop": 1727724478667, "uuid": "e377c832-6396-4f37-81d0-4ca4d86520e7", "historyId": "a8a3585c075fc3ec04f9e3aa7c745948", "testCaseId": "2737abb088cc8393a4795f960860f28d", "fullName": "tests.test_order.TestFeedPage#test_number_new_order_is_displaying_in_progress", "labels": [{"name": "parentSuite", "value": "tests"}, {"name": "suite", "value": "test_order"}, {"name": "subSuite", "value": "TestFeedPage"}, {"name": "host", "value": "ASUS"}, {"name": "thread", "value": "33060-MainThread"}, {"name": "framework", "value": "pytest"}, {"name": "language", "value": "cpython3"}, {"name": "package", "value": "tests.test_order"}]}